[11:22:59] [main/INFO] (FabricLoader) Loading for game Minecraft 1.16.2
[11:22:59] [main/INFO] (Fabric|Loader) [FabricLoader] Loading 41 mods: fabric-renderer-api-v1@0.3.0+8bcfced84e, minecraft@1.16.2, fabric-screen-handler-api-v1@1.1.0+872498414e, fabric-networking-blockentity-v0@0.2.5+b50ffc7b4e, fabric-keybindings-v0@0.2.0+3fa9f7c54e, fabric-command-api-v1@1.0.8+5ce533984e, fabricloader@0.9.3+build.207, enhancedcraft@${version}, fabric-tool-attribute-api-v1@1.2.2+ccce563e4e, fabric-structure-api-v1@1.0.1+fb0d9b0e4e, fabric-renderer-indigo@0.4.0+8bcfced84e, fabric-containers-v0@0.1.8+045df74f4e, fabric-object-builder-api-v1@1.7.0+432ea1884e, fabric-events-interaction-v0@0.4.0+e2e6cdad4e, fabric-item-api-v1@1.1.0+29679fd64e, fabric-crash-report-info-v1@0.1.2+b7f9825d4e, fabric-game-rule-api-v1@1.0.1+91555cd14e, fabric-api-base@0.1.3+12a8474c4e, fabric-rendering-v0@1.1.0+534104904e, fabric-rendering-v1@1.3.0+432ea1884e, fabric-key-binding-api-v1@1.0.1+730711c64e, fabric-rendering-data-attachment-v1@0.1.3+b7f9825d4e, fabric-resource-loader-v0@0.3.1+facf3bbf4e, fabric-textures-v0@1.0.4+eae12eb84e, fabric-content-registries-v0@0.1.9+059ea8664e, fabric-tag-extensions-v0@1.0.3+ac8e8c594e, fabric-rendering-fluids-v1@0.1.11+fb0d9b0e4e, fabric-commands-v0@0.2.0+52d308364e, fabric-registry-sync-v0@0.4.5+fcdfdfa14e, fabric-blockrenderlayer-v1@1.1.4+c6a8ea894e, fabric-lifecycle-events-v1@1.2.0+74cc3b204e, fabric-mining-levels-v0@0.1.2+b764ce994e, fabric-renderer-registries-v1@2.1.0+e2862de64e, fabric-events-lifecycle-v0@0.2.0+16acbe5b4e, fabric-loot-tables-v1@1.0.1+432ea1884e, fabric@0.20.1+build.401-1.16, fabric-models-v0@0.1.0+dfdb52d64e, fabric-item-groups-v0@0.2.0+438f96364e, fabric-particles-v1@0.2.2+fb0d9b0e4e, fabric-object-builders-v0@0.7.0+432ea1884e, fabric-networking-v0@0.1.10+e00ecb5f4e
[11:22:59] [main/WARN] (Fabric|Loader) Mod `enhancedcraft` (${version}) does not respect SemVer - comparison support is limited.
[11:22:59] [main/INFO] (mixin) SpongePowered MIXIN Subsystem Version=0.8.1 Source=file:/C:/Users/Spectr3x/.gradle/caches/modules-2/files-2.1/net.fabricmc/sponge-mixin/0.8.1+build.21/94da90bdbee9f95bf6d6c41ca87943419a0b5624/sponge-mixin-0.8.1+build.21.jar Service=Knot/Fabric Env=CLIENT
[11:22:59] [main/INFO] (Fabric|MixinBootstrap) Loaded Fabric development mappings for mixin remapper!
[11:23:00] [main/INFO] (mixin) Remapping refMap fabric-networking-v0-refmap.json using remapper chain
[11:23:00] [main/INFO] (mixin) Remapping refMap fabric-networking-blockentity-v0-refmap.json using remapper chain
[11:23:00] [main/INFO] (mixin) Remapping refMap fabric-screen-handler-api-v1-refmap.json using remapper chain
[11:23:00] [main/INFO] (mixin) Remapping refMap fabric-lifecycle-events-v1-refmap.json using remapper chain
[11:23:00] [main/INFO] (mixin) Remapping refMap fabric-containers-v0-refmap.json using remapper chain
[11:23:00] [main/INFO] (mixin) Remapping refMap fabric-renderer-indigo-refmap.json using remapper chain
[11:23:00] [main/INFO] (mixin) Remapping refMap fabric-rendering-data-attachment-v1-refmap.json using remapper chain
[11:23:00] [main/INFO] (mixin) Remapping refMap fabric-structure-api-v1-refmap.json using remapper chain
[11:23:00] [main/INFO] (mixin) Remapping refMap fabric-events-interaction-v0-refmap.json using remapper chain
[11:23:00] [main/INFO] (mixin) Remapping refMap fabric-item-api-v1-refmap.json using remapper chain
[11:23:00] [main/INFO] (mixin) Remapping refMap fabric-loot-tables-v1-refmap.json using remapper chain
[11:23:00] [main/INFO] (mixin) Remapping refMap fabric-object-builder-api-v1-refmap.json using remapper chain
[11:23:00] [main/INFO] (mixin) Remapping refMap fabric-renderer-registries-v1-refmap.json using remapper chain
[11:23:00] [main/INFO] (mixin) Remapping refMap fabric-textures-v0-refmap.json using remapper chain
[11:23:00] [main/INFO] (mixin) Remapping refMap fabric-registry-sync-v0-refmap.json using remapper chain
[11:23:00] [main/INFO] (mixin) Remapping refMap fabric-models-v0-refmap.json using remapper chain
[11:23:00] [main/INFO] (mixin) Remapping refMap fabric-blockrenderlayer-v1-refmap.json using remapper chain
[11:23:00] [main/INFO] (mixin) Remapping refMap fabric-renderer-api-v1-refmap.json using remapper chain
[11:23:00] [main/INFO] (mixin) Remapping refMap fabric-containers-v0-refmap.json using remapper chain
[11:23:00] [main/INFO] (mixin) Remapping refMap fabric-rendering-fluids-v1-refmap.json using remapper chain
[11:23:00] [main/INFO] (mixin) Remapping refMap fabric-resource-loader-v0-refmap.json using remapper chain
[11:23:00] [main/INFO] (mixin) Remapping refMap fabric-game-rule-api-v1-refmap.json using remapper chain
[11:23:00] [main/INFO] (mixin) Remapping refMap fabric-particles-v1-refmap.json using remapper chain
[11:23:00] [main/INFO] (mixin) Remapping refMap fabric-object-builders-refmap.json using remapper chain
[11:23:00] [main/INFO] (mixin) Remapping refMap fabric-tag-extensions-v0-refmap.json using remapper chain
[11:23:00] [main/INFO] (mixin) Remapping refMap fabric-tool-attribute-api-v1-refmap.json using remapper chain
[11:23:00] [main/INFO] (mixin) Remapping refMap fabric-rendering-v1-refmap.json using remapper chain
[11:23:00] [main/INFO] (mixin) Remapping refMap fabric-item-groups-v0-refmap.json using remapper chain
[11:23:00] [main/INFO] (mixin) Remapping refMap fabric-content-registries-v0-refmap.json using remapper chain
[11:23:00] [main/INFO] (mixin) Remapping refMap fabric-command-api-v1-refmap.json using remapper chain
[11:23:00] [main/INFO] (mixin) Remapping refMap fabric-crash-report-info-v1-refmap.json using remapper chain
[11:23:00] [main/INFO] (mixin) Remapping refMap fabric-key-binding-api-v1-refmap.json using remapper chain
[11:23:00] [main/INFO] (mixin) Remapping refMap fabric-renderer-api-v1-refmap.json using remapper chain
[11:23:00] [main/WARN] (mixin) @Mixin target net/minecraft/server/world/ThreadedAnvilChunkStorage$EntityTracker is public in fabric-networking-v0.mixins.json:MixinEntityTracker and should be specified in value
[11:23:00] [main/WARN] (mixin) @Mixin target net/minecraft/client/render/block/BlockModelRenderer$AmbientOcclusionCalculator is public in fabric-renderer-indigo.mixins.json:MixinAmbientOcclusionCalculator and should be specified in value
[11:23:00] [main/WARN] (mixin) @Mixin target net/minecraft/client/render/chunk/ChunkBuilder$BuiltChunk$RebuildTask is public in fabric-renderer-indigo.mixins.json:MixinChunkRebuildTask and should be specified in value
[11:23:00] [main/WARN] (mixin) @Mixin target net/minecraft/server/command/GameRuleCommand$1 is public in fabric-game-rule-api-v1.mixins.json:GameRuleCommandVisitorMixin and should be specified in value
[11:23:00] [main/WARN] (mixin) @Mixin target net/minecraft/client/gui/screen/world/EditGameRulesScreen$RuleListWidget$1 is public in fabric-game-rule-api-v1.mixins.json:client.RuleListWidgetVisitorMixin and should be specified in value
[11:23:00] [main/WARN] (mixin) @Mixin target net/minecraft/client/particle/ParticleManager$SimpleSpriteProvider is public in fabric-particles-v1.mixins.json:ParticleManagerAccessor$SimpleSpriteProviderAccessor and should be specified in value
[11:23:00] [main/WARN] (mixin) @Mixin target net/minecraft/tag/Tag$1 is public in fabric-tag-extensions-v0.mixins.json:MixinTagImpl and should be specified in value
[11:23:00] [main/WARN] (mixin) @Mixin target net/minecraft/tag/RequiredTagList$TagWrapper is public in fabric-tag-extensions-v0.mixins.json:MixinTagImpl and should be specified in value
[11:23:06] [main/INFO] (Minecraft) Environment: authHost='https://authserver.mojang.com', accountsHost='https://api.mojang.com', sessionHost='https://sessionserver.mojang.com', name='PROD'
[11:23:06] [main/INFO] (Minecraft) Setting user: Player575
[11:23:06] [main/INFO] (Indigo) [Indigo] Registering Indigo renderer!
[11:23:07] [main/INFO] (Minecraft) Backend library: LWJGL version 3.2.2 build 10
[11:23:11] [main/INFO] (Minecraft) Narrator library for x64 successfully loaded
[11:23:11] [main/INFO] (Minecraft) Reloading ResourceManager: Default, Fabric Renderer API (v1), Fabric Screen Handler API (v1), Fabric Networking Block Entity (v0), Fabric Key Bindings (v0), Fabric Loader, EnhancedCraft, Fabric Tool Attribute API (v1), Fabric Renderer - Indigo, Fabric Containers (v0), Fabric Object Builder API (v1), Fabric Events Interaction (v0), Fabric Item API (v1), Fabric Crash Report Info (v1), Fabric Game Rule API (v1), Fabric API Base, Fabric Rendering (v0), Fabric Rendering (v1), Fabric Key Binding API (v1), Fabric Rendering Data Attachment (v1), Fabric Resource Loader (v0), Fabric Textures (v0), Fabric Content Registries (v0), Fabric Tag Extensions (v0), Fabric Rendering Fluids (v1), Fabric Registry Sync (v0), Fabric BlockRenderLayer Registration (v1), Fabric Lifecycle Events (v1), Fabric Mining Levels (v0), Fabric Renderer Registries (v1), Fabric Events Lifecycle (v0), Fabric Loot Tables (v1), Fabric API, Fabric Models (v0), Fabric Item Groups (v0), Fabric Object Builders (v0), Fabric Networking (v0)
[11:23:16] [Realms Notification Availability checker #1/INFO] (Minecraft) Could not authorize you against Realms server: Invalid session id
[11:23:20] [Worker-Main-8/WARN] (Minecraft) Texture enhancedcraft:items/materials/ethereal_gem with size 18x16 limits mip level from 4 to 1
[11:23:20] [Worker-Main-8/WARN] (Minecraft) minecraft:textures/atlas/blocks.png: dropping miplevel from 4 to 1, because of minimum power of two: 2
[11:23:21] [main/INFO] (Minecraft) OpenAL initialized.
[11:23:21] [main/INFO] (Minecraft) Sound engine started
[11:23:22] [main/INFO] (Minecraft) Created: 1024x1024x1 minecraft:textures/atlas/blocks.png-atlas
[11:23:22] [main/INFO] (Minecraft) Created: 256x128x4 minecraft:textures/atlas/signs.png-atlas
[11:23:22] [main/INFO] (Minecraft) Created: 1024x512x4 minecraft:textures/atlas/banner_patterns.png-atlas
[11:23:22] [main/INFO] (Minecraft) Created: 1024x512x4 minecraft:textures/atlas/shield_patterns.png-atlas
[11:23:22] [main/INFO] (Minecraft) Created: 256x256x4 minecraft:textures/atlas/chest.png-atlas
[11:23:22] [main/INFO] (Minecraft) Created: 512x256x4 minecraft:textures/atlas/beds.png-atlas
[11:23:22] [main/INFO] (Minecraft) Created: 512x256x4 minecraft:textures/atlas/shulker_boxes.png-atlas
[11:23:23] [main/INFO] (Minecraft) Created: 256x256x0 minecraft:textures/atlas/particles.png-atlas
[11:23:23] [main/INFO] (Minecraft) Created: 256x256x0 minecraft:textures/atlas/paintings.png-atlas
[11:23:23] [main/INFO] (Minecraft) Created: 256x128x0 minecraft:textures/atlas/mob_effects.png-atlas
[11:23:28] [main/WARN] (Minecraft) Ambiguity between arguments [teleport, destination] and [teleport, targets] with inputs: [Player, 0123, @e, dd12be42-52a9-4a91-a8a1-11c01849e498]
[11:23:28] [main/WARN] (Minecraft) Ambiguity between arguments [teleport, location] and [teleport, destination] with inputs: [0.1 -0.5 .9, 0 0 0]
[11:23:28] [main/WARN] (Minecraft) Ambiguity between arguments [teleport, location] and [teleport, targets] with inputs: [0.1 -0.5 .9, 0 0 0]
[11:23:28] [main/WARN] (Minecraft) Ambiguity between arguments [teleport, targets] and [teleport, destination] with inputs: [Player, 0123, dd12be42-52a9-4a91-a8a1-11c01849e498]
[11:23:28] [main/WARN] (Minecraft) Ambiguity between arguments [teleport, targets, location] and [teleport, targets, destination] with inputs: [0.1 -0.5 .9, 0 0 0]
[11:23:28] [main/INFO] (Minecraft) Reloading ResourceManager: Default, EnhancedCraft, Fabric Tool Attribute API (v1)
[11:23:29] [main/INFO] (Minecraft) Loaded 7 recipes
[11:23:29] [main/INFO] (Minecraft) Loaded 927 advancements
[11:23:30] [main/INFO] (Minecraft) Environment: authHost='https://authserver.mojang.com', accountsHost='https://api.mojang.com', sessionHost='https://sessionserver.mojang.com', name='PROD'
[11:23:30] [Server thread/INFO] (Minecraft) Starting integrated minecraft server version 1.16.2
[11:23:30] [Server thread/INFO] (Minecraft) Generating keypair
[11:23:30] [Server thread/INFO] (Minecraft) Preparing start region for dimension minecraft:overworld
[11:23:31] [main/INFO] (Minecraft) Preparing spawn area: 0%
[11:23:31] [main/INFO] (Minecraft) Preparing spawn area: 0%
[11:23:31] [main/INFO] (Minecraft) Preparing spawn area: 0%
[11:23:31] [main/INFO] (Minecraft) Time elapsed: 1366 ms
[11:23:32] [Server thread/INFO] (Minecraft) Changing view distance to 11, from 10
[11:23:32] [Server thread/INFO] (Minecraft) Player575[local:E:e30c6eeb] logged in with entity id 18 at (-1.836372415050436, 237.0, -9.09925431774073)
[11:23:32] [Server thread/INFO] (Minecraft) Player575 joined the game
[11:23:33] [Server thread/INFO] (Minecraft) Saving and pausing game...
[11:23:33] [Server thread/INFO] (Minecraft) Saving chunks for level 'ServerLevel[New World]'/minecraft:overworld
[11:23:33] [main/INFO] (Minecraft) Loaded 2 advancements
[11:23:34] [Server thread/INFO] (Minecraft) Saving chunks for level 'ServerLevel[New World]'/minecraft:the_nether
[11:23:34] [Server thread/INFO] (Minecraft) Saving chunks for level 'ServerLevel[New World]'/minecraft:the_end
[11:23:45] [Server thread/INFO] (Minecraft) Saving and pausing game...
[11:23:45] [Server thread/INFO] (Minecraft) Saving chunks for level 'ServerLevel[New World]'/minecraft:overworld
[11:23:46] [Server thread/INFO] (Minecraft) Saving chunks for level 'ServerLevel[New World]'/minecraft:the_nether
[11:23:46] [Server thread/INFO] (Minecraft) Saving chunks for level 'ServerLevel[New World]'/minecraft:the_end
[11:23:57] [main/INFO] (Minecraft) Loaded 16 advancements
[11:24:26] [Server thread/INFO] (Minecraft) [Player575: Applied effect Invisibility to Player575]
[11:24:26] [main/INFO] (Minecraft) [CHAT] Applied effect Invisibility to Player575
[11:24:42] [Server thread/INFO] (Minecraft) Saving and pausing game...
[11:24:42] [Server thread/INFO] (Minecraft) Saving chunks for level 'ServerLevel[New World]'/minecraft:overworld
[11:24:42] [Server thread/INFO] (Minecraft) Saving chunks for level 'ServerLevel[New World]'/minecraft:the_nether
[11:24:42] [Server thread/INFO] (Minecraft) Saving chunks for level 'ServerLevel[New World]'/minecraft:the_end
[11:25:27] [Server thread/INFO] (Minecraft) [Player575: Summoned new Horse]
[11:25:27] [main/INFO] (Minecraft) [CHAT] Summoned new Horse
[11:25:39] [Server thread/INFO] (Minecraft) [Player575: Gave 1 [Saddle] to Player575]
[11:25:39] [main/INFO] (Minecraft) [CHAT] Gave 1 [Saddle] to Player575
[11:25:45] [Server thread/INFO] (Minecraft) [Player575: Gave 64 [Golden Apple] to Player575]
[11:25:45] [main/INFO] (Minecraft) [CHAT] Gave 64 [Golden Apple] to Player575
[11:25:54] [main/INFO] (Minecraft) Loaded 28 advancements
[11:26:01] [Server thread/INFO] (Minecraft) Player575 has made the advancement [Best Friends Forever]
[11:26:01] [main/INFO] (Minecraft) [CHAT] Player575 has made the advancement [Best Friends Forever]
[11:26:01] [main/INFO] (Minecraft) Loaded 28 advancements
[11:26:29] [main/INFO] (Minecraft) [CHAT] Saved screenshot as 2020-09-07_11.26.29.png
[11:26:30] [Server thread/INFO] (Minecraft) Saving and pausing game...
[11:26:30] [Server thread/INFO] (Minecraft) Saving chunks for level 'ServerLevel[New World]'/minecraft:overworld
[11:26:31] [Server thread/INFO] (Minecraft) Saving chunks for level 'ServerLevel[New World]'/minecraft:the_nether
[11:26:31] [Server thread/INFO] (Minecraft) Saving chunks for level 'ServerLevel[New World]'/minecraft:the_end
[11:26:50] [Server thread/INFO] (Minecraft) Saving and pausing game...
[11:26:50] [Server thread/INFO] (Minecraft) Saving chunks for level 'ServerLevel[New World]'/minecraft:overworld
[11:26:50] [Server thread/INFO] (Minecraft) Saving chunks for level 'ServerLevel[New World]'/minecraft:the_nether
[11:26:50] [Server thread/INFO] (Minecraft) Saving chunks for level 'ServerLevel[New World]'/minecraft:the_end
[11:26:50] [Server thread/INFO] (Minecraft) Player575 lost connection: Disconnected
[11:26:50] [Server thread/INFO] (Minecraft) Player575 left the game
[11:26:50] [Server thread/INFO] (Minecraft) Stopping singleplayer server as player logged out
[11:26:50] [Server thread/INFO] (Minecraft) Stopping server
[11:26:50] [Server thread/INFO] (Minecraft) Saving players
[11:26:50] [Server thread/INFO] (Minecraft) Saving worlds
[11:26:50] [Server thread/INFO] (Minecraft) Saving chunks for level 'ServerLevel[New World]'/minecraft:overworld
[11:26:51] [Server thread/INFO] (Minecraft) ThreadedAnvilChunkStorage (New World): All chunks are saved
[11:26:51] [Server thread/INFO] (Minecraft) Saving chunks for level 'ServerLevel[New World]'/minecraft:the_nether
[11:26:51] [Server thread/INFO] (Minecraft) ThreadedAnvilChunkStorage (DIM-1): All chunks are saved
[11:26:51] [Server thread/INFO] (Minecraft) Saving chunks for level 'ServerLevel[New World]'/minecraft:the_end
[11:26:51] [Server thread/INFO] (Minecraft) ThreadedAnvilChunkStorage (DIM1): All chunks are saved
[11:26:51] [Server thread/INFO] (Minecraft) ThreadedAnvilChunkStorage (New World): All chunks are saved
[11:26:51] [Server thread/INFO] (Minecraft) ThreadedAnvilChunkStorage (DIM-1): All chunks are saved
[11:26:51] [Server thread/INFO] (Minecraft) ThreadedAnvilChunkStorage (DIM1): All chunks are saved
[11:26:52] [main/INFO] (Minecraft) Stopping!
